<?xml version="1.0" encoding="UTF-8"?>
<!-- Generated by org.testng.reporters.JUnitReportReporter -->
<testsuite hostname="DESKTOP-TICE24F" failures="0" tests="9" name="com.saucedemo.runners.TestRunner" time="30.583" errors="0" timestamp="2026-09-05T13:27:22 IST" skipped="0">
  <testcase classname="com.saucedemo.runners.TestRunner" name="runScenario" time="2.481"/>
  <testcase classname="com.saucedemo.runners.TestRunner" name="runScenario" time="2.462"/>
  <testcase classname="com.saucedemo.runners.TestRunner" name="runScenario" time="2.731"/>
  <testcase classname="com.saucedemo.runners.TestRunner" name="runScenario" time="2.129"/>
  <testcase classname="com.saucedemo.runners.TestRunner" name="runScenario" time="1.908"/>
  <testcase classname="com.saucedemo.runners.TestRunner" name="runScenario" time="1.787"/>
  <testcase classname="com.saucedemo.runners.TestRunner" name="runScenario" time="2.649"/>
  <testcase classname="com.saucedemo.runners.TestRunner" name="runScenario" time="12.386"/>
  <testcase classname="com.saucedemo.runners.TestRunner" name="runScenario" time="2.050"/>
</testsuite> <!-- com.saucedemo.runners.TestRunner -->
